<?xml version="1.0" encoding="UTF-8"?>
<!-- Generated by org.testng.reporters.JUnitReportReporter -->
<testsuite hostname="DESKTOP-EIRUH8M" failures="0" tests="1" name="testCases.TC_001_WriteToNotepadTest" time="3.813" errors="0" timestamp="2022-05-10T20:02:59 IST" skipped="0">
  <testcase classname="testCases.TC_001_WriteToNotepadTest" name="writeDataToNotepad" time="3.813"/>
  <system-out/>
</testsuite> <!-- testCases.TC_001_WriteToNotepadTest -->
