<?xml version="1.0" encoding="UTF-8"?>
<!-- Generated by org.testng.reporters.JUnitReportReporter -->
<testsuite hostname="DESKTOP-EIRUH8M" failures="0" tests="1" name="testCases.TC_001_WriteToNotepadTest" time="6.003" errors="0" timestamp="2022-05-12T15:26:42 IST" skipped="0">
  <testcase classname="testCases.TC_001_WriteToNotepadTest" name="tc_001_runner" time="6.003"/>
  <system-out/>
</testsuite> <!-- testCases.TC_001_WriteToNotepadTest -->
